 # The filling factors of cosmological HII/HeIII regions and the ensuing electron scattering optical depth
 #
 # The following 11 lines are model identification flags 
 # CUBA V6.3 Nov 2011
 # 0.1000E+01
 # 0.4000E+00 0.1300E+01 0.2000E+00 0.4400E+00 0.1570E+01 0.9000E+00
 # 0.1200E+06 0.1000E+05 0.5000E+04 0.1300E+04
 # 0.3000E+00 0.7000E+00 0.8900E-01 0.7000E+00
 # 0.1000E+01
 # Inputs/salp_SFRD1parfit.hiz.dat
 # Inputs/column_dist.dat
 # 0.1000E+01
 # 0.1800E-03 0.3400E+01
 # 0.1000E+02
 #
 # The following 3 lines are column identification labels
 # z=redshift, Q_HII=ionized hydrogen filling factor, Q_HeIII=doubly ionized helium filling factor,
 # tau_es= (HII+HeII+HeIII) electron scattering optical depth from z to infinity
 #   z         Q_HII     Q_HeIII    tau_es

 0.1500E+02 0.7596E-01 0.1980E-04 0.1279E-02
 0.1495E+02 0.7781E-01 0.1971E-04 0.1313E-02
 0.1490E+02 0.7981E-01 0.1978E-04 0.1354E-02
 0.1485E+02 0.8242E-01 0.2007E-04 0.1425E-02
 0.1480E+02 0.8502E-01 0.2036E-04 0.1496E-02
 0.1475E+02 0.8763E-01 0.2066E-04 0.1567E-02
 0.1470E+02 0.9024E-01 0.2095E-04 0.1638E-02
 0.1465E+02 0.9284E-01 0.2124E-04 0.1709E-02
 0.1460E+02 0.9545E-01 0.2154E-04 0.1780E-02
 0.1455E+02 0.9805E-01 0.2183E-04 0.1851E-02
 0.1450E+02 0.1007E+00 0.2212E-04 0.1922E-02
 0.1445E+02 0.1033E+00 0.2241E-04 0.1993E-02
 0.1440E+02 0.1059E+00 0.2271E-04 0.2064E-02
 0.1435E+02 0.1085E+00 0.2300E-04 0.2135E-02
 0.1430E+02 0.1111E+00 0.2329E-04 0.2206E-02
 0.1425E+02 0.1137E+00 0.2359E-04 0.2277E-02
 0.1420E+02 0.1163E+00 0.2388E-04 0.2349E-02
 0.1415E+02 0.1189E+00 0.2417E-04 0.2420E-02
 0.1410E+02 0.1215E+00 0.2446E-04 0.2491E-02
 0.1405E+02 0.1241E+00 0.2476E-04 0.2562E-02
 0.1400E+02 0.1267E+00 0.2505E-04 0.2633E-02
 0.1395E+02 0.1293E+00 0.2534E-04 0.2704E-02
 0.1390E+02 0.1319E+00 0.2564E-04 0.2775E-02
 0.1385E+02 0.1345E+00 0.2593E-04 0.2846E-02
 0.1380E+02 0.1371E+00 0.2622E-04 0.2917E-02
 0.1375E+02 0.1398E+00 0.2652E-04 0.2988E-02
 0.1370E+02 0.1424E+00 0.2687E-04 0.3059E-02
 0.1365E+02 0.1455E+00 0.2744E-04 0.3154E-02
 0.1360E+02 0.1491E+00 0.2802E-04 0.3264E-02
 0.1355E+02 0.1526E+00 0.2859E-04 0.3375E-02
 0.1350E+02 0.1562E+00 0.2917E-04 0.3486E-02
 0.1345E+02 0.1598E+00 0.2975E-04 0.3596E-02
 0.1340E+02 0.1633E+00 0.3032E-04 0.3707E-02
 0.1335E+02 0.1669E+00 0.3090E-04 0.3818E-02
 0.1330E+02 0.1704E+00 0.3148E-04 0.3928E-02
 0.1325E+02 0.1740E+00 0.3205E-04 0.4039E-02
 0.1320E+02 0.1775E+00 0.3263E-04 0.4150E-02
 0.1315E+02 0.1811E+00 0.3320E-04 0.4261E-02
 0.1310E+02 0.1846E+00 0.3378E-04 0.4371E-02
 0.1305E+02 0.1882E+00 0.3436E-04 0.4482E-02
 0.1300E+02 0.1917E+00 0.3493E-04 0.4593E-02
 0.1295E+02 0.1953E+00 0.3551E-04 0.4703E-02
 0.1290E+02 0.1989E+00 0.3609E-04 0.4814E-02
 0.1285E+02 0.2024E+00 0.3666E-04 0.4925E-02
 0.1280E+02 0.2060E+00 0.3724E-04 0.5035E-02
 0.1275E+02 0.2095E+00 0.3781E-04 0.5146E-02
 0.1270E+02 0.2131E+00 0.3839E-04 0.5257E-02
 0.1265E+02 0.2173E+00 0.3930E-04 0.5393E-02
 0.1260E+02 0.2220E+00 0.4021E-04 0.5545E-02
 0.1255E+02 0.2267E+00 0.4112E-04 0.5698E-02
 0.1250E+02 0.2314E+00 0.4203E-04 0.5850E-02
 0.1245E+02 0.2361E+00 0.4294E-04 0.6003E-02
 0.1240E+02 0.2408E+00 0.4385E-04 0.6155E-02
 0.1235E+02 0.2455E+00 0.4476E-04 0.6308E-02
 0.1230E+02 0.2502E+00 0.4567E-04 0.6460E-02
 0.1225E+02 0.2549E+00 0.4658E-04 0.6613E-02
 0.1220E+02 0.2596E+00 0.4749E-04 0.6765E-02
 0.1215E+02 0.2643E+00 0.4841E-04 0.6918E-02
 0.1210E+02 0.2690E+00 0.4932E-04 0.7070E-02
 0.1205E+02 0.2737E+00 0.5023E-04 0.7223E-02
 0.1200E+02 0.2784E+00 0.5114E-04 0.7375E-02
 0.1195E+02 0.2831E+00 0.5205E-04 0.7528E-02
 0.1190E+02 0.2878E+00 0.5296E-04 0.7680E-02
 0.1185E+02 0.2925E+00 0.5387E-04 0.7833E-02
 0.1180E+02 0.2975E+00 0.5513E-04 0.8001E-02
 0.1175E+02 0.3029E+00 0.5647E-04 0.8193E-02
 0.1170E+02 0.3084E+00 0.5781E-04 0.8385E-02
 0.1165E+02 0.3138E+00 0.5916E-04 0.8578E-02
 0.1160E+02 0.3193E+00 0.6050E-04 0.8770E-02
 0.1155E+02 0.3247E+00 0.6184E-04 0.8962E-02
 0.1150E+02 0.3302E+00 0.6319E-04 0.9154E-02
 0.1145E+02 0.3356E+00 0.6453E-04 0.9346E-02
 0.1140E+02 0.3411E+00 0.6588E-04 0.9539E-02
 0.1135E+02 0.3465E+00 0.6722E-04 0.9731E-02
 0.1130E+02 0.3520E+00 0.6856E-04 0.9923E-02
 0.1125E+02 0.3575E+00 0.6991E-04 0.1012E-01
 0.1120E+02 0.3629E+00 0.7125E-04 0.1031E-01
 0.1115E+02 0.3684E+00 0.7260E-04 0.1050E-01
 0.1110E+02 0.3738E+00 0.7394E-04 0.1069E-01
 0.1105E+02 0.3793E+00 0.7585E-04 0.1092E-01
 0.1100E+02 0.3849E+00 0.7776E-04 0.1115E-01
 0.1095E+02 0.3904E+00 0.7968E-04 0.1138E-01
 0.1090E+02 0.3959E+00 0.8159E-04 0.1161E-01
 0.1085E+02 0.4015E+00 0.8350E-04 0.1184E-01
 0.1080E+02 0.4070E+00 0.8541E-04 0.1207E-01
 0.1075E+02 0.4126E+00 0.8732E-04 0.1230E-01
 0.1070E+02 0.4181E+00 0.8923E-04 0.1253E-01
 0.1065E+02 0.4236E+00 0.9115E-04 0.1277E-01
 0.1060E+02 0.4292E+00 0.9306E-04 0.1300E-01
 0.1055E+02 0.4347E+00 0.9497E-04 0.1323E-01
 0.1050E+02 0.4403E+00 0.9688E-04 0.1346E-01
 0.1045E+02 0.4458E+00 0.9895E-04 0.1369E-01
 0.1040E+02 0.4518E+00 0.1016E-03 0.1395E-01
 0.1035E+02 0.4578E+00 0.1043E-03 0.1422E-01
 0.1030E+02 0.4637E+00 0.1070E-03 0.1448E-01
 0.1025E+02 0.4697E+00 0.1097E-03 0.1475E-01
 0.1020E+02 0.4757E+00 0.1123E-03 0.1501E-01
 0.1015E+02 0.4817E+00 0.1150E-03 0.1528E-01
 0.1010E+02 0.4877E+00 0.1177E-03 0.1554E-01
 0.1005E+02 0.4937E+00 0.1204E-03 0.1581E-01
 0.1000E+02 0.4996E+00 0.1230E-03 0.1607E-01
 0.9950E+01 0.5056E+00 0.1257E-03 0.1634E-01
 0.9900E+01 0.5116E+00 0.1284E-03 0.1660E-01
 0.9850E+01 0.5179E+00 0.1324E-03 0.1689E-01
 0.9800E+01 0.5241E+00 0.1363E-03 0.1718E-01
 0.9750E+01 0.5304E+00 0.1403E-03 0.1748E-01
 0.9700E+01 0.5367E+00 0.1442E-03 0.1777E-01
 0.9650E+01 0.5430E+00 0.1482E-03 0.1806E-01
 0.9600E+01 0.5492E+00 0.1521E-03 0.1835E-01
 0.9550E+01 0.5555E+00 0.1561E-03 0.1864E-01
 0.9500E+01 0.5618E+00 0.1600E-03 0.1893E-01
 0.9450E+01 0.5680E+00 0.1640E-03 0.1922E-01
 0.9400E+01 0.5743E+00 0.1683E-03 0.1952E-01
 0.9350E+01 0.5808E+00 0.1745E-03 0.1982E-01
 0.9300E+01 0.5875E+00 0.1807E-03 0.2014E-01
 0.9250E+01 0.5941E+00 0.1868E-03 0.2046E-01
 0.9200E+01 0.6008E+00 0.1930E-03 0.2078E-01
 0.9150E+01 0.6074E+00 0.1992E-03 0.2110E-01
 0.9100E+01 0.6141E+00 0.2054E-03 0.2141E-01
 0.9050E+01 0.6208E+00 0.2116E-03 0.2173E-01
 0.9000E+01 0.6274E+00 0.2178E-03 0.2205E-01
 0.8950E+01 0.6341E+00 0.2248E-03 0.2237E-01
 0.8900E+01 0.6410E+00 0.2346E-03 0.2270E-01
 0.8850E+01 0.6480E+00 0.2445E-03 0.2304E-01
 0.8800E+01 0.6551E+00 0.2543E-03 0.2338E-01
 0.8750E+01 0.6621E+00 0.2642E-03 0.2372E-01
 0.8700E+01 0.6692E+00 0.2740E-03 0.2407E-01
 0.8650E+01 0.6762E+00 0.2839E-03 0.2441E-01
 0.8600E+01 0.6833E+00 0.2937E-03 0.2475E-01
 0.8550E+01 0.6903E+00 0.3056E-03 0.2509E-01
 0.8500E+01 0.6976E+00 0.3214E-03 0.2544E-01
 0.8450E+01 0.7050E+00 0.3372E-03 0.2580E-01
 0.8400E+01 0.7125E+00 0.3530E-03 0.2617E-01
 0.8350E+01 0.7200E+00 0.3689E-03 0.2653E-01
 0.8300E+01 0.7274E+00 0.3847E-03 0.2689E-01
 0.8250E+01 0.7349E+00 0.4005E-03 0.2725E-01
 0.8200E+01 0.7424E+00 0.4179E-03 0.2762E-01
 0.8150E+01 0.7500E+00 0.4433E-03 0.2799E-01
 0.8100E+01 0.7578E+00 0.4687E-03 0.2837E-01
 0.8050E+01 0.7657E+00 0.4942E-03 0.2875E-01
 0.8000E+01 0.7736E+00 0.5196E-03 0.2913E-01
 0.7950E+01 0.7814E+00 0.5451E-03 0.2951E-01
 0.7900E+01 0.7893E+00 0.5705E-03 0.2989E-01
 0.7850E+01 0.7971E+00 0.6039E-03 0.3027E-01
 0.7800E+01 0.8054E+00 0.6448E-03 0.3067E-01
 0.7750E+01 0.8136E+00 0.6856E-03 0.3106E-01
 0.7700E+01 0.8219E+00 0.7265E-03 0.3146E-01
 0.7650E+01 0.8302E+00 0.7673E-03 0.3186E-01
 0.7600E+01 0.8385E+00 0.8082E-03 0.3226E-01
 0.7550E+01 0.8468E+00 0.8606E-03 0.3266E-01
 0.7500E+01 0.8553E+00 0.9246E-03 0.3307E-01
 0.7450E+01 0.8640E+00 0.9887E-03 0.3348E-01
 0.7400E+01 0.8727E+00 0.1053E-02 0.3390E-01
 0.7350E+01 0.8814E+00 0.1117E-02 0.3431E-01
 0.7300E+01 0.8901E+00 0.1181E-02 0.3473E-01
 0.7250E+01 0.8988E+00 0.1278E-02 0.3514E-01
 0.7200E+01 0.9080E+00 0.1376E-02 0.3558E-01
 0.7150E+01 0.9172E+00 0.1474E-02 0.3601E-01
 0.7100E+01 0.9263E+00 0.1571E-02 0.3645E-01
 0.7050E+01 0.9355E+00 0.1669E-02 0.3688E-01
 0.7000E+01 0.9447E+00 0.1809E-02 0.3732E-01
 0.6950E+01 0.9542E+00 0.1955E-02 0.3776E-01
 0.6900E+01 0.9638E+00 0.2100E-02 0.3820E-01
 0.6850E+01 0.9734E+00 0.2246E-02 0.3865E-01
 0.6800E+01 0.9831E+00 0.2401E-02 0.3910E-01
 0.6750E+01 0.9927E+00 0.2614E-02 0.3954E-01
 0.6700E+01 0.1003E+01 0.2827E-02 0.3999E-01
 0.6650E+01 0.1013E+01 0.3040E-02 0.4044E-01
 0.6600E+01 0.1023E+01 0.3253E-02 0.4089E-01
 0.6550E+01 0.1033E+01 0.3536E-02 0.4134E-01
 0.6500E+01 0.1044E+01 0.3840E-02 0.4179E-01
 0.6450E+01 0.1054E+01 0.4143E-02 0.4224E-01
 0.6400E+01 0.1065E+01 0.4446E-02 0.4269E-01
 0.6350E+01 0.1075E+01 0.4822E-02 0.4314E-01
 0.6300E+01 0.1086E+01 0.5244E-02 0.4359E-01
 0.6250E+01 0.1097E+01 0.5665E-02 0.4403E-01
 0.6200E+01 0.1108E+01 0.6086E-02 0.4447E-01
 0.6150E+01 0.1119E+01 0.6621E-02 0.4491E-01
 0.6100E+01 0.1130E+01 0.7195E-02 0.4535E-01
 0.6050E+01 0.1142E+01 0.7769E-02 0.4578E-01
 0.6000E+01 0.1154E+01 0.8374E-02 0.4622E-01
 0.5950E+01 0.1166E+01 0.9145E-02 0.4666E-01
 0.5900E+01 0.1178E+01 0.9915E-02 0.4709E-01
 0.5850E+01 0.1190E+01 0.1069E-01 0.4752E-01
 0.5800E+01 0.1203E+01 0.1164E-01 0.4795E-01
 0.5750E+01 0.1215E+01 0.1265E-01 0.4837E-01
 0.5700E+01 0.1228E+01 0.1366E-01 0.4880E-01
 0.5650E+01 0.1241E+01 0.1482E-01 0.4922E-01
 0.5600E+01 0.1254E+01 0.1613E-01 0.4964E-01
 0.5550E+01 0.1267E+01 0.1743E-01 0.5007E-01
 0.5500E+01 0.1281E+01 0.1892E-01 0.5049E-01
 0.5450E+01 0.1294E+01 0.2056E-01 0.5091E-01
 0.5400E+01 0.1308E+01 0.2221E-01 0.5132E-01
 0.5350E+01 0.1323E+01 0.2414E-01 0.5173E-01
 0.5300E+01 0.1337E+01 0.2619E-01 0.5214E-01
 0.5250E+01 0.1352E+01 0.2825E-01 0.5255E-01
 0.5200E+01 0.1367E+01 0.3077E-01 0.5296E-01
 0.5150E+01 0.1383E+01 0.3331E-01 0.5337E-01
 0.5100E+01 0.1399E+01 0.3609E-01 0.5378E-01
 0.5050E+01 0.1415E+01 0.3920E-01 0.5419E-01
 0.5000E+01 0.1432E+01 0.4232E-01 0.5459E-01
 0.4950E+01 0.1449E+01 0.4603E-01 0.5499E-01
 0.4900E+01 0.1466E+01 0.4975E-01 0.5539E-01
 0.4850E+01 0.1484E+01 0.5393E-01 0.5579E-01
 0.4800E+01 0.1503E+01 0.5842E-01 0.5619E-01
 0.4750E+01 0.1522E+01 0.6319E-01 0.5658E-01
 0.4700E+01 0.1541E+01 0.6848E-01 0.5697E-01
 0.4650E+01 0.1561E+01 0.7396E-01 0.5737E-01
 0.4600E+01 0.1582E+01 0.8014E-01 0.5776E-01
 0.4550E+01 0.1604E+01 0.8652E-01 0.5815E-01
 0.4500E+01 0.1626E+01 0.9371E-01 0.5854E-01
 0.4450E+01 0.1648E+01 0.1011E+00 0.5892E-01
 0.4400E+01 0.1672E+01 0.1095E+00 0.5930E-01
 0.4350E+01 0.1697E+01 0.1183E+00 0.5968E-01
 0.4300E+01 0.1722E+01 0.1278E+00 0.6007E-01
 0.4250E+01 0.1749E+01 0.1380E+00 0.6045E-01
 0.4200E+01 0.1776E+01 0.1488E+00 0.6083E-01
 0.4150E+01 0.1805E+01 0.1606E+00 0.6120E-01
 0.4100E+01 0.1835E+01 0.1730E+00 0.6157E-01
 0.4050E+01 0.1867E+01 0.1867E+00 0.6195E-01
 0.4000E+01 0.1899E+01 0.2012E+00 0.6232E-01
 0.3950E+01 0.1933E+01 0.2165E+00 0.6268E-01
 0.3900E+01 0.1968E+01 0.2333E+00 0.6305E-01
 0.3850E+01 0.2005E+01 0.2511E+00 0.6342E-01
 0.3800E+01 0.2044E+01 0.2698E+00 0.6379E-01
 0.3750E+01 0.2085E+01 0.2902E+00 0.6415E-01
 0.3700E+01 0.2127E+01 0.3117E+00 0.6451E-01
 0.3650E+01 0.2172E+01 0.3344E+00 0.6487E-01
 0.3600E+01 0.2219E+01 0.3587E+00 0.6523E-01
 0.3550E+01 0.2268E+01 0.3852E+00 0.6559E-01
 0.3500E+01 0.2320E+01 0.4128E+00 0.6595E-01
 0.3450E+01 0.2374E+01 0.4420E+00 0.6631E-01
 0.3400E+01 0.2430E+01 0.4728E+00 0.6666E-01
 0.3350E+01 0.2489E+01 0.5051E+00 0.6700E-01
 0.3300E+01 0.2551E+01 0.5395E+00 0.6736E-01
 0.3250E+01 0.2616E+01 0.5759E+00 0.6771E-01
 0.3200E+01 0.2685E+01 0.6141E+00 0.6806E-01
 0.3150E+01 0.2757E+01 0.6541E+00 0.6841E-01
 0.3100E+01 0.2832E+01 0.6955E+00 0.6875E-01
 0.3050E+01 0.2910E+01 0.7395E+00 0.6910E-01
 0.3000E+01 0.2991E+01 0.7850E+00 0.6944E-01
 0.2950E+01 0.3076E+01 0.8329E+00 0.6978E-01
 0.2900E+01 0.3166E+01 0.8814E+00 0.7012E-01
 0.2850E+01 0.3259E+01 0.9326E+00 0.7046E-01
 0.2800E+01 0.3355E+01 0.9841E+00 0.7080E-01
 0.2750E+01 0.3456E+01 0.1037E+01 0.7114E-01
 0.2700E+01 0.3561E+01 0.1092E+01 0.7148E-01
 0.2650E+01 0.3668E+01 0.1148E+01 0.7181E-01
 0.2600E+01 0.3780E+01 0.1204E+01 0.7214E-01
 0.2550E+01 0.3895E+01 0.1260E+01 0.7246E-01
 0.2500E+01 0.4014E+01 0.1317E+01 0.7279E-01
 0.2450E+01 0.4135E+01 0.1372E+01 0.7311E-01
 0.2400E+01 0.4261E+01 0.1427E+01 0.7343E-01
 0.2350E+01 0.4387E+01 0.1480E+01 0.7374E-01
 0.2300E+01 0.4515E+01 0.1533E+01 0.7406E-01
 0.2250E+01 0.4646E+01 0.1583E+01 0.7437E-01
 0.2200E+01 0.4776E+01 0.1630E+01 0.7468E-01
 0.2150E+01 0.4908E+01 0.1674E+01 0.7498E-01
 0.2100E+01 0.5040E+01 0.1714E+01 0.7528E-01
 0.2050E+01 0.5169E+01 0.1748E+01 0.7558E-01
 0.2000E+01 0.5299E+01 0.1779E+01 0.7587E-01
 0.1950E+01 0.5424E+01 0.1803E+01 0.7617E-01
 0.1900E+01 0.5545E+01 0.1822E+01 0.7646E-01
 0.1850E+01 0.5662E+01 0.1834E+01 0.7675E-01
 0.1800E+01 0.5775E+01 0.1839E+01 0.7703E-01
 0.1750E+01 0.5880E+01 0.1837E+01 0.7731E-01
 0.1700E+01 0.5976E+01 0.1826E+01 0.7759E-01
 0.1650E+01 0.6063E+01 0.1809E+01 0.7786E-01
 0.1600E+01 0.6140E+01 0.1784E+01 0.7813E-01
 0.1550E+01 0.6215E+01 0.1765E+01 0.7840E-01
 0.1500E+01 0.6287E+01 0.1756E+01 0.7867E-01
 0.1450E+01 0.6359E+01 0.1754E+01 0.7892E-01
 0.1400E+01 0.6429E+01 0.1757E+01 0.7918E-01
 0.1350E+01 0.6496E+01 0.1762E+01 0.7943E-01
 0.1300E+01 0.6560E+01 0.1767E+01 0.7968E-01
 0.1250E+01 0.6621E+01 0.1773E+01 0.7993E-01
 0.1200E+01 0.6678E+01 0.1779E+01 0.8016E-01
 0.1150E+01 0.6730E+01 0.1782E+01 0.8040E-01
 0.1100E+01 0.6777E+01 0.1784E+01 0.8063E-01
 0.1050E+01 0.6820E+01 0.1784E+01 0.8086E-01
 0.1000E+01 0.6858E+01 0.1782E+01 0.8108E-01
 0.9500E+00 0.6890E+01 0.1777E+01 0.8130E-01
 0.9000E+00 0.6917E+01 0.1770E+01 0.8152E-01
 0.8500E+00 0.6939E+01 0.1760E+01 0.8172E-01
 0.8000E+00 0.6955E+01 0.1749E+01 0.8193E-01
 0.7500E+00 0.6967E+01 0.1734E+01 0.8213E-01
 0.7000E+00 0.6973E+01 0.1717E+01 0.8232E-01
 0.6500E+00 0.6973E+01 0.1698E+01 0.8250E-01
 0.6000E+00 0.6968E+01 0.1677E+01 0.8268E-01
 0.5500E+00 0.6960E+01 0.1654E+01 0.8286E-01
 0.5000E+00 0.6946E+01 0.1629E+01 0.8303E-01
 0.4500E+00 0.6928E+01 0.1603E+01 0.8320E-01
 0.4000E+00 0.6907E+01 0.1575E+01 0.8336E-01
 0.3500E+00 0.6882E+01 0.1545E+01 0.8350E-01
 0.3000E+00 0.6854E+01 0.1515E+01 0.8365E-01
 0.2500E+00 0.6823E+01 0.1483E+01 0.8379E-01
 0.2000E+00 0.6790E+01 0.1450E+01 0.8392E-01
 0.1500E+00 0.6755E+01 0.1416E+01 0.8404E-01
 0.1000E+00 0.6719E+01 0.1382E+01 0.8416E-01
 0.5000E-01 0.6682E+01 0.1347E+01 0.8427E-01
 0.0000E+00 0.6645E+01 0.1312E+01 0.8436E-01
